<?xml version="1.0" encoding="UTF-8"?>
<testsuite xmlns:xsi="http://www.w3.org/2001/XMLSchema-instance" xsi:noNamespaceSchemaLocation="https://maven.apache.org/surefire/maven-surefire-plugin/xsd/surefire-test-report.xsd" name="com.lab.shiro.ShiroTest" time="0.768" tests="1" errors="1" skipped="0" failures="0">
  <properties>
    <property name="sun.desktop" value="windows"/>
    <property name="awt.toolkit" value="sun.awt.windows.WToolkit"/>
    <property name="file.encoding.pkg" value="sun.io"/>
    <property name="java.specification.version" value="1.8"/>
    <property name="sun.cpu.isalist" value="amd64"/>
    <property name="sun.jnu.encoding" value="GBK"/>
    <property name="java.class.path" value="F:\InJIDEAworkspeace\labproject\target\test-classes;F:\InJIDEAworkspeace\labproject\target\classes;F:\maven\apache-maven-3.5.4\repository\junit\junit\4.12\junit-4.12.jar;F:\maven\apache-maven-3.5.4\repository\org\hamcrest\hamcrest-core\1.3\hamcrest-core-1.3.jar;F:\maven\apache-maven-3.5.4\repository\org\springframework\spring-test\5.1.10.RELEASE\spring-test-5.1.10.RELEASE.jar;F:\maven\apache-maven-3.5.4\repository\org\springframework\spring-core\5.1.10.RELEASE\spring-core-5.1.10.RELEASE.jar;F:\maven\apache-maven-3.5.4\repository\org\springframework\spring-jcl\5.1.10.RELEASE\spring-jcl-5.1.10.RELEASE.jar;F:\maven\apache-maven-3.5.4\repository\org\apache\logging\log4j\log4j-slf4j-impl\2.12.1\log4j-slf4j-impl-2.12.1.jar;F:\maven\apache-maven-3.5.4\repository\org\slf4j\slf4j-api\1.7.25\slf4j-api-1.7.25.jar;F:\maven\apache-maven-3.5.4\repository\org\apache\logging\log4j\log4j-api\2.12.1\log4j-api-2.12.1.jar;F:\maven\apache-maven-3.5.4\repository\org\apache\logging\log4j\log4j-core\2.12.1\log4j-core-2.12.1.jar;F:\maven\apache-maven-3.5.4\repository\org\apache\logging\log4j\log4j-web\2.12.1\log4j-web-2.12.1.jar;F:\maven\apache-maven-3.5.4\repository\org\springframework\spring-context\5.1.10.RELEASE\spring-context-5.1.10.RELEASE.jar;F:\maven\apache-maven-3.5.4\repository\org\springframework\spring-aop\5.1.10.RELEASE\spring-aop-5.1.10.RELEASE.jar;F:\maven\apache-maven-3.5.4\repository\org\springframework\spring-beans\5.1.10.RELEASE\spring-beans-5.1.10.RELEASE.jar;F:\maven\apache-maven-3.5.4\repository\org\springframework\spring-expression\5.1.10.RELEASE\spring-expression-5.1.10.RELEASE.jar;F:\maven\apache-maven-3.5.4\repository\org\springframework\spring-aspects\5.1.10.RELEASE\spring-aspects-5.1.10.RELEASE.jar;F:\maven\apache-maven-3.5.4\repository\org\aspectj\aspectjweaver\1.9.4\aspectjweaver-1.9.4.jar;F:\maven\apache-maven-3.5.4\repository\org\springframework\spring-jdbc\5.1.10.RELEASE\spring-jdbc-5.1.10.RELEASE.jar;F:\maven\apache-maven-3.5.4\repository\org\springframework\spring-tx\5.1.10.RELEASE\spring-tx-5.1.10.RELEASE.jar;F:\maven\apache-maven-3.5.4\repository\mysql\mysql-connector-java\5.1.47\mysql-connector-java-5.1.47.jar;F:\maven\apache-maven-3.5.4\repository\com\alibaba\druid\1.1.20\druid-1.1.20.jar;F:\maven\apache-maven-3.5.4\repository\org\mybatis\mybatis\3.5.2\mybatis-3.5.2.jar;F:\maven\apache-maven-3.5.4\repository\com\baomidou\mybatis-plus\3.2.0\mybatis-plus-3.2.0.jar;F:\maven\apache-maven-3.5.4\repository\com\baomidou\mybatis-plus-extension\3.2.0\mybatis-plus-extension-3.2.0.jar;F:\maven\apache-maven-3.5.4\repository\com\baomidou\mybatis-plus-core\3.2.0\mybatis-plus-core-3.2.0.jar;F:\maven\apache-maven-3.5.4\repository\com\baomidou\mybatis-plus-annotation\3.2.0\mybatis-plus-annotation-3.2.0.jar;F:\maven\apache-maven-3.5.4\repository\com\github\jsqlparser\jsqlparser\2.1\jsqlparser-2.1.jar;F:\maven\apache-maven-3.5.4\repository\org\mybatis\mybatis-spring\2.0.2\mybatis-spring-2.0.2.jar;F:\maven\apache-maven-3.5.4\repository\org\springframework\spring-webmvc\5.1.10.RELEASE\spring-webmvc-5.1.10.RELEASE.jar;F:\maven\apache-maven-3.5.4\repository\org\springframework\spring-web\5.1.10.RELEASE\spring-web-5.1.10.RELEASE.jar;F:\maven\apache-maven-3.5.4\repository\javax\servlet\javax.servlet-api\3.1.0\javax.servlet-api-3.1.0.jar;F:\maven\apache-maven-3.5.4\repository\javax\servlet\jstl\1.2\jstl-1.2.jar;F:\maven\apache-maven-3.5.4\repository\javax\servlet\jsp\jsp-api\2.2\jsp-api-2.2.jar;F:\maven\apache-maven-3.5.4\repository\com\fasterxml\jackson\core\jackson-databind\2.9.8\jackson-databind-2.9.8.jar;F:\maven\apache-maven-3.5.4\repository\com\fasterxml\jackson\core\jackson-core\2.9.8\jackson-core-2.9.8.jar;F:\maven\apache-maven-3.5.4\repository\com\fasterxml\jackson\core\jackson-annotations\2.9.8\jackson-annotations-2.9.8.jar;F:\maven\apache-maven-3.5.4\repository\commons-fileupload\commons-fileupload\1.3.3\commons-fileupload-1.3.3.jar;F:\maven\apache-maven-3.5.4\repository\commons-io\commons-io\2.2\commons-io-2.2.jar;F:\maven\apache-maven-3.5.4\repository\org\apache\poi\poi-scratchpad\3.14\poi-scratchpad-3.14.jar;F:\maven\apache-maven-3.5.4\repository\org\apache\poi\poi\3.14\poi-3.14.jar;F:\maven\apache-maven-3.5.4\repository\commons-codec\commons-codec\1.10\commons-codec-1.10.jar;F:\maven\apache-maven-3.5.4\repository\org\apache\poi\poi-ooxml\3.14\poi-ooxml-3.14.jar;F:\maven\apache-maven-3.5.4\repository\com\github\virtuald\curvesapi\1.03\curvesapi-1.03.jar;F:\maven\apache-maven-3.5.4\repository\org\apache\poi\poi-ooxml-schemas\3.14\poi-ooxml-schemas-3.14.jar;F:\maven\apache-maven-3.5.4\repository\org\apache\xmlbeans\xmlbeans\2.6.0\xmlbeans-2.6.0.jar;F:\maven\apache-maven-3.5.4\repository\stax\stax-api\1.0.1\stax-api-1.0.1.jar;F:\maven\apache-maven-3.5.4\repository\org\apache\poi\ooxml-schemas\1.3\ooxml-schemas-1.3.jar;F:\maven\apache-maven-3.5.4\repository\org\apache\shiro\shiro-ehcache\1.4.1\shiro-ehcache-1.4.1.jar;F:\maven\apache-maven-3.5.4\repository\org\apache\shiro\shiro-cache\1.4.1\shiro-cache-1.4.1.jar;F:\maven\apache-maven-3.5.4\repository\org\apache\shiro\shiro-lang\1.4.1\shiro-lang-1.4.1.jar;F:\maven\apache-maven-3.5.4\repository\net\sf\ehcache\ehcache-core\2.6.11\ehcache-core-2.6.11.jar;F:\maven\apache-maven-3.5.4\repository\org\ehcache\ehcache\3.8.0\ehcache-3.8.0.jar;F:\maven\apache-maven-3.5.4\repository\org\glassfish\jaxb\jaxb-runtime\2.3.1\jaxb-runtime-2.3.1.jar;F:\maven\apache-maven-3.5.4\repository\javax\xml\bind\jaxb-api\2.3.1\jaxb-api-2.3.1.jar;F:\maven\apache-maven-3.5.4\repository\org\glassfish\jaxb\txw2\2.3.1\txw2-2.3.1.jar;F:\maven\apache-maven-3.5.4\repository\com\sun\istack\istack-commons-runtime\3.0.7\istack-commons-runtime-3.0.7.jar;F:\maven\apache-maven-3.5.4\repository\org\jvnet\staxex\stax-ex\1.8\stax-ex-1.8.jar;F:\maven\apache-maven-3.5.4\repository\com\sun\xml\fastinfoset\FastInfoset\1.2.15\FastInfoset-1.2.15.jar;F:\maven\apache-maven-3.5.4\repository\javax\activation\javax.activation-api\1.2.0\javax.activation-api-1.2.0.jar;F:\maven\apache-maven-3.5.4\repository\org\apache\shiro\shiro-spring\1.4.1\shiro-spring-1.4.1.jar;F:\maven\apache-maven-3.5.4\repository\org\apache\shiro\shiro-core\1.4.1\shiro-core-1.4.1.jar;F:\maven\apache-maven-3.5.4\repository\org\apache\shiro\shiro-crypto-hash\1.4.1\shiro-crypto-hash-1.4.1.jar;F:\maven\apache-maven-3.5.4\repository\org\apache\shiro\shiro-crypto-core\1.4.1\shiro-crypto-core-1.4.1.jar;F:\maven\apache-maven-3.5.4\repository\org\apache\shiro\shiro-crypto-cipher\1.4.1\shiro-crypto-cipher-1.4.1.jar;F:\maven\apache-maven-3.5.4\repository\org\apache\shiro\shiro-config-core\1.4.1\shiro-config-core-1.4.1.jar;F:\maven\apache-maven-3.5.4\repository\org\apache\shiro\shiro-config-ogdl\1.4.1\shiro-config-ogdl-1.4.1.jar;F:\maven\apache-maven-3.5.4\repository\commons-beanutils\commons-beanutils\1.9.3\commons-beanutils-1.9.3.jar;F:\maven\apache-maven-3.5.4\repository\commons-collections\commons-collections\3.2.2\commons-collections-3.2.2.jar;F:\maven\apache-maven-3.5.4\repository\org\apache\shiro\shiro-event\1.4.1\shiro-event-1.4.1.jar;F:\maven\apache-maven-3.5.4\repository\org\apache\shiro\shiro-web\1.4.1\shiro-web-1.4.1.jar;F:\maven\apache-maven-3.5.4\repository\com\baomidou\mybatis-plus-generator\3.2.0\mybatis-plus-generator-3.2.0.jar;F:\maven\apache-maven-3.5.4\repository\org\freemarker\freemarker\2.3.29\freemarker-2.3.29.jar;F:\maven\apache-maven-3.5.4\repository\org\mybatis\generator\mybatis-generator-core\1.3.7\mybatis-generator-core-1.3.7.jar;"/>
    <property name="java.vm.vendor" value="Oracle Corporation"/>
    <property name="sun.arch.data.model" value="64"/>
    <property name="user.variant" value=""/>
    <property name="java.vendor.url" value="http://java.oracle.com/"/>
    <property name="user.timezone" value="Asia/Shanghai"/>
    <property name="java.vm.specification.version" value="1.8"/>
    <property name="os.name" value="Windows 10"/>
    <property name="user.country" value="CN"/>
    <property name="sun.java.launcher" value="SUN_STANDARD"/>
    <property name="sun.boot.library.path" value="F:\java-jdk\jre\bin"/>
    <property name="sun.java.command" value="C:\Users\root\AppData\Local\Temp\surefire6392242461972557669\surefirebooter5724017025027624171.jar C:\Users\root\AppData\Local\Temp\surefire6392242461972557669 2020-03-12T17-33-16_531-jvmRun1 surefire6522863651830882720tmp surefire_03305810555884413029tmp"/>
    <property name="surefire.test.class.path" value="F:\InJIDEAworkspeace\labproject\target\test-classes;F:\InJIDEAworkspeace\labproject\target\classes;F:\maven\apache-maven-3.5.4\repository\junit\junit\4.12\junit-4.12.jar;F:\maven\apache-maven-3.5.4\repository\org\hamcrest\hamcrest-core\1.3\hamcrest-core-1.3.jar;F:\maven\apache-maven-3.5.4\repository\org\springframework\spring-test\5.1.10.RELEASE\spring-test-5.1.10.RELEASE.jar;F:\maven\apache-maven-3.5.4\repository\org\springframework\spring-core\5.1.10.RELEASE\spring-core-5.1.10.RELEASE.jar;F:\maven\apache-maven-3.5.4\repository\org\springframework\spring-jcl\5.1.10.RELEASE\spring-jcl-5.1.10.RELEASE.jar;F:\maven\apache-maven-3.5.4\repository\org\apache\logging\log4j\log4j-slf4j-impl\2.12.1\log4j-slf4j-impl-2.12.1.jar;F:\maven\apache-maven-3.5.4\repository\org\slf4j\slf4j-api\1.7.25\slf4j-api-1.7.25.jar;F:\maven\apache-maven-3.5.4\repository\org\apache\logging\log4j\log4j-api\2.12.1\log4j-api-2.12.1.jar;F:\maven\apache-maven-3.5.4\repository\org\apache\logging\log4j\log4j-core\2.12.1\log4j-core-2.12.1.jar;F:\maven\apache-maven-3.5.4\repository\org\apache\logging\log4j\log4j-web\2.12.1\log4j-web-2.12.1.jar;F:\maven\apache-maven-3.5.4\repository\org\springframework\spring-context\5.1.10.RELEASE\spring-context-5.1.10.RELEASE.jar;F:\maven\apache-maven-3.5.4\repository\org\springframework\spring-aop\5.1.10.RELEASE\spring-aop-5.1.10.RELEASE.jar;F:\maven\apache-maven-3.5.4\repository\org\springframework\spring-beans\5.1.10.RELEASE\spring-beans-5.1.10.RELEASE.jar;F:\maven\apache-maven-3.5.4\repository\org\springframework\spring-expression\5.1.10.RELEASE\spring-expression-5.1.10.RELEASE.jar;F:\maven\apache-maven-3.5.4\repository\org\springframework\spring-aspects\5.1.10.RELEASE\spring-aspects-5.1.10.RELEASE.jar;F:\maven\apache-maven-3.5.4\repository\org\aspectj\aspectjweaver\1.9.4\aspectjweaver-1.9.4.jar;F:\maven\apache-maven-3.5.4\repository\org\springframework\spring-jdbc\5.1.10.RELEASE\spring-jdbc-5.1.10.RELEASE.jar;F:\maven\apache-maven-3.5.4\repository\org\springframework\spring-tx\5.1.10.RELEASE\spring-tx-5.1.10.RELEASE.jar;F:\maven\apache-maven-3.5.4\repository\mysql\mysql-connector-java\5.1.47\mysql-connector-java-5.1.47.jar;F:\maven\apache-maven-3.5.4\repository\com\alibaba\druid\1.1.20\druid-1.1.20.jar;F:\maven\apache-maven-3.5.4\repository\org\mybatis\mybatis\3.5.2\mybatis-3.5.2.jar;F:\maven\apache-maven-3.5.4\repository\com\baomidou\mybatis-plus\3.2.0\mybatis-plus-3.2.0.jar;F:\maven\apache-maven-3.5.4\repository\com\baomidou\mybatis-plus-extension\3.2.0\mybatis-plus-extension-3.2.0.jar;F:\maven\apache-maven-3.5.4\repository\com\baomidou\mybatis-plus-core\3.2.0\mybatis-plus-core-3.2.0.jar;F:\maven\apache-maven-3.5.4\repository\com\baomidou\mybatis-plus-annotation\3.2.0\mybatis-plus-annotation-3.2.0.jar;F:\maven\apache-maven-3.5.4\repository\com\github\jsqlparser\jsqlparser\2.1\jsqlparser-2.1.jar;F:\maven\apache-maven-3.5.4\repository\org\mybatis\mybatis-spring\2.0.2\mybatis-spring-2.0.2.jar;F:\maven\apache-maven-3.5.4\repository\org\springframework\spring-webmvc\5.1.10.RELEASE\spring-webmvc-5.1.10.RELEASE.jar;F:\maven\apache-maven-3.5.4\repository\org\springframework\spring-web\5.1.10.RELEASE\spring-web-5.1.10.RELEASE.jar;F:\maven\apache-maven-3.5.4\repository\javax\servlet\javax.servlet-api\3.1.0\javax.servlet-api-3.1.0.jar;F:\maven\apache-maven-3.5.4\repository\javax\servlet\jstl\1.2\jstl-1.2.jar;F:\maven\apache-maven-3.5.4\repository\javax\servlet\jsp\jsp-api\2.2\jsp-api-2.2.jar;F:\maven\apache-maven-3.5.4\repository\com\fasterxml\jackson\core\jackson-databind\2.9.8\jackson-databind-2.9.8.jar;F:\maven\apache-maven-3.5.4\repository\com\fasterxml\jackson\core\jackson-core\2.9.8\jackson-core-2.9.8.jar;F:\maven\apache-maven-3.5.4\repository\com\fasterxml\jackson\core\jackson-annotations\2.9.8\jackson-annotations-2.9.8.jar;F:\maven\apache-maven-3.5.4\repository\commons-fileupload\commons-fileupload\1.3.3\commons-fileupload-1.3.3.jar;F:\maven\apache-maven-3.5.4\repository\commons-io\commons-io\2.2\commons-io-2.2.jar;F:\maven\apache-maven-3.5.4\repository\org\apache\poi\poi-scratchpad\3.14\poi-scratchpad-3.14.jar;F:\maven\apache-maven-3.5.4\repository\org\apache\poi\poi\3.14\poi-3.14.jar;F:\maven\apache-maven-3.5.4\repository\commons-codec\commons-codec\1.10\commons-codec-1.10.jar;F:\maven\apache-maven-3.5.4\repository\org\apache\poi\poi-ooxml\3.14\poi-ooxml-3.14.jar;F:\maven\apache-maven-3.5.4\repository\com\github\virtuald\curvesapi\1.03\curvesapi-1.03.jar;F:\maven\apache-maven-3.5.4\repository\org\apache\poi\poi-ooxml-schemas\3.14\poi-ooxml-schemas-3.14.jar;F:\maven\apache-maven-3.5.4\repository\org\apache\xmlbeans\xmlbeans\2.6.0\xmlbeans-2.6.0.jar;F:\maven\apache-maven-3.5.4\repository\stax\stax-api\1.0.1\stax-api-1.0.1.jar;F:\maven\apache-maven-3.5.4\repository\org\apache\poi\ooxml-schemas\1.3\ooxml-schemas-1.3.jar;F:\maven\apache-maven-3.5.4\repository\org\apache\shiro\shiro-ehcache\1.4.1\shiro-ehcache-1.4.1.jar;F:\maven\apache-maven-3.5.4\repository\org\apache\shiro\shiro-cache\1.4.1\shiro-cache-1.4.1.jar;F:\maven\apache-maven-3.5.4\repository\org\apache\shiro\shiro-lang\1.4.1\shiro-lang-1.4.1.jar;F:\maven\apache-maven-3.5.4\repository\net\sf\ehcache\ehcache-core\2.6.11\ehcache-core-2.6.11.jar;F:\maven\apache-maven-3.5.4\repository\org\ehcache\ehcache\3.8.0\ehcache-3.8.0.jar;F:\maven\apache-maven-3.5.4\repository\org\glassfish\jaxb\jaxb-runtime\2.3.1\jaxb-runtime-2.3.1.jar;F:\maven\apache-maven-3.5.4\repository\javax\xml\bind\jaxb-api\2.3.1\jaxb-api-2.3.1.jar;F:\maven\apache-maven-3.5.4\repository\org\glassfish\jaxb\txw2\2.3.1\txw2-2.3.1.jar;F:\maven\apache-maven-3.5.4\repository\com\sun\istack\istack-commons-runtime\3.0.7\istack-commons-runtime-3.0.7.jar;F:\maven\apache-maven-3.5.4\repository\org\jvnet\staxex\stax-ex\1.8\stax-ex-1.8.jar;F:\maven\apache-maven-3.5.4\repository\com\sun\xml\fastinfoset\FastInfoset\1.2.15\FastInfoset-1.2.15.jar;F:\maven\apache-maven-3.5.4\repository\javax\activation\javax.activation-api\1.2.0\javax.activation-api-1.2.0.jar;F:\maven\apache-maven-3.5.4\repository\org\apache\shiro\shiro-spring\1.4.1\shiro-spring-1.4.1.jar;F:\maven\apache-maven-3.5.4\repository\org\apache\shiro\shiro-core\1.4.1\shiro-core-1.4.1.jar;F:\maven\apache-maven-3.5.4\repository\org\apache\shiro\shiro-crypto-hash\1.4.1\shiro-crypto-hash-1.4.1.jar;F:\maven\apache-maven-3.5.4\repository\org\apache\shiro\shiro-crypto-core\1.4.1\shiro-crypto-core-1.4.1.jar;F:\maven\apache-maven-3.5.4\repository\org\apache\shiro\shiro-crypto-cipher\1.4.1\shiro-crypto-cipher-1.4.1.jar;F:\maven\apache-maven-3.5.4\repository\org\apache\shiro\shiro-config-core\1.4.1\shiro-config-core-1.4.1.jar;F:\maven\apache-maven-3.5.4\repository\org\apache\shiro\shiro-config-ogdl\1.4.1\shiro-config-ogdl-1.4.1.jar;F:\maven\apache-maven-3.5.4\repository\commons-beanutils\commons-beanutils\1.9.3\commons-beanutils-1.9.3.jar;F:\maven\apache-maven-3.5.4\repository\commons-collections\commons-collections\3.2.2\commons-collections-3.2.2.jar;F:\maven\apache-maven-3.5.4\repository\org\apache\shiro\shiro-event\1.4.1\shiro-event-1.4.1.jar;F:\maven\apache-maven-3.5.4\repository\org\apache\shiro\shiro-web\1.4.1\shiro-web-1.4.1.jar;F:\maven\apache-maven-3.5.4\repository\com\baomidou\mybatis-plus-generator\3.2.0\mybatis-plus-generator-3.2.0.jar;F:\maven\apache-maven-3.5.4\repository\org\freemarker\freemarker\2.3.29\freemarker-2.3.29.jar;F:\maven\apache-maven-3.5.4\repository\org\mybatis\generator\mybatis-generator-core\1.3.7\mybatis-generator-core-1.3.7.jar;"/>
    <property name="sun.cpu.endian" value="little"/>
    <property name="user.home" value="C:\Users\root"/>
    <property name="user.language" value="zh"/>
    <property name="java.specification.vendor" value="Oracle Corporation"/>
    <property name="java.home" value="F:\java-jdk\jre"/>
    <property name="basedir" value="F:\InJIDEAworkspeace\labproject"/>
    <property name="file.separator" value="\"/>
    <property name="line.separator" value="&#10;"/>
    <property name="idea.version2019.2.3" value="true"/>
    <property name="java.vm.specification.vendor" value="Oracle Corporation"/>
    <property name="java.specification.name" value="Java Platform API Specification"/>
    <property name="java.awt.graphicsenv" value="sun.awt.Win32GraphicsEnvironment"/>
    <property name="surefire.real.class.path" value="C:\Users\root\AppData\Local\Temp\surefire6392242461972557669\surefirebooter5724017025027624171.jar"/>
    <property name="sun.boot.class.path" value="F:\java-jdk\jre\lib\resources.jar;F:\java-jdk\jre\lib\rt.jar;F:\java-jdk\jre\lib\sunrsasign.jar;F:\java-jdk\jre\lib\jsse.jar;F:\java-jdk\jre\lib\jce.jar;F:\java-jdk\jre\lib\charsets.jar;F:\java-jdk\jre\lib\jfr.jar;F:\java-jdk\jre\classes"/>
    <property name="user.script" value=""/>
    <property name="sun.management.compiler" value="HotSpot 64-Bit Tiered Compilers"/>
    <property name="java.runtime.version" value="1.8.0_212-b10"/>
    <property name="user.name" value="root"/>
    <property name="path.separator" value=";"/>
    <property name="os.version" value="10.0"/>
    <property name="java.endorsed.dirs" value="F:\java-jdk\jre\lib\endorsed"/>
    <property name="java.runtime.name" value="Java(TM) SE Runtime Environment"/>
    <property name="file.encoding" value="GBK"/>
    <property name="java.vm.name" value="Java HotSpot(TM) 64-Bit Server VM"/>
    <property name="localRepository" value="F:\maven\apache-maven-3.5.4\repository"/>
    <property name="java.vendor.url.bug" value="http://bugreport.sun.com/bugreport/"/>
    <property name="java.io.tmpdir" value="C:\Users\root\AppData\Local\Temp\"/>
    <property name="java.version" value="1.8.0_212"/>
    <property name="user.dir" value="F:\InJIDEAworkspeace\labproject"/>
    <property name="os.arch" value="amd64"/>
    <property name="java.vm.specification.name" value="Java Virtual Machine Specification"/>
    <property name="java.awt.printerjob" value="sun.awt.windows.WPrinterJob"/>
    <property name="sun.os.patch.level" value=""/>
    <property name="java.library.path" value="F:\java-jdk\jre\bin;C:\Windows\Sun\Java\bin;C:\Windows\system32;C:\Windows;F:\java-jdk\bin;F:\java-jdk\jre\bin;C:\Program Files (x86)\Common Files\Oracle\Java\javapath;C:\Windows\system32;C:\Windows;C:\Windows\System32\Wbem;C:\Windows\System32\WindowsPowerShell\v1.0\;C:\Windows\System32\OpenSSH\;C:\Program Files (x86)\NVIDIA Corporation\PhysX\Common;C:\Program Files\NVIDIA Corporation\NVIDIA NvDLISR;C:\Program Files\Intel\WiFi\bin\;C:\Program Files\Common Files\Intel\WirelessCommon\;C:\Program Files\MySQL\MySQL Server 5.7\bin;F:\maven\apache-maven-3.5.4\bin;D:\GIT\Git\cmd;C:\Users\root\AppData\Local\Microsoft\WindowsApps;D:\bandzip\;."/>
    <property name="java.vm.info" value="mixed mode"/>
    <property name="java.vendor" value="Oracle Corporation"/>
    <property name="java.vm.version" value="25.212-b10"/>
    <property name="java.ext.dirs" value="F:\java-jdk\jre\lib\ext;C:\Windows\Sun\Java\lib\ext"/>
    <property name="sun.io.unicode.encoding" value="UnicodeLittle"/>
    <property name="java.class.version" value="52.0"/>
  </properties>
  <testcase name="initializationError" classname="com.lab.shiro.ShiroTest" time="0.005">
    <error message="No runnable methods" type="java.lang.Exception">java.lang.Exception: No runnable methods
</error>
  </testcase>
</testsuite>